<?xml version="1.0" encoding="UTF-8"?>
<!-- Generated by org.testng.reporters.JUnitXMLReporter -->
<testsuite hostname="deldsood175052" name="Default test" tests="4" failures="0" timestamp="4 Mar 2017 09:38:19 GMT" time="0.12" errors="0">
  <testcase name="getNames" time="0.01" classname="dataprovider.DataProviderDemoXls"/>
  <testcase name="getNames" time="0.0" classname="dataprovider.DataProviderDemoXls"/>
  <testcase name="getNames" time="0.0" classname="dataprovider.DataProviderDemoXls"/>
  <testcase name="getNames" time="0.0" classname="dataprovider.DataProviderDemoXls"/>
</testsuite> <!-- Default test -->
