<?xml version="1.0" encoding="UTF-8"?>
<testng-results skipped="0" failed="1" total="2" passed="1">
  <reporter-output>
    <line>
      <![CDATA[<h4>Repro Steps</h4><br>]]>
    </line>
    <line>
      <![CDATA[1. Click on LoginLink<br> 2. Fill in Credentials<br> 3. Verify user]]>
    </line>
    <line>
      <![CDATA[<br><a href=C:\Users\dsood1\Framework19Feb1100\Meritnation\test-output\screenshot\verifyUser08_Apr_17_03_02_07PM.png>Screenshot</a>]]>
    </line>
  </reporter-output>
  <suite name="Suite" duration-ms="86172" started-at="2017-04-08T09:30:43Z" finished-at="2017-04-08T09:32:09Z">
    <groups>
    </groups>
    <test name="Test2" duration-ms="20723" started-at="2017-04-08T09:30:43Z" finished-at="2017-04-08T09:31:04Z">
      <class name="test.GoogleLaunch">
        <test-method status="PASS" signature="init()[pri:0, instance:test.GoogleLaunch@5bcab519]" name="init" is-config="true" duration-ms="10" started-at="2017-04-08T15:00:43Z" finished-at="2017-04-08T15:00:43Z">
          <reporter-output>
          </reporter-output>
        </test-method> <!-- init -->
        <test-method status="PASS" signature="openBrowser(java.lang.String, java.lang.String)[pri:0, instance:test.GoogleLaunch@5bcab519]" name="openBrowser" is-config="true" duration-ms="11240" started-at="2017-04-08T15:00:43Z" finished-at="2017-04-08T15:00:54Z">
          <params>
            <param index="0">
              <value>
                <![CDATA[ff]]>
              </value>
            </param>
            <param index="1">
              <value>
                <![CDATA[no]]>
              </value>
            </param>
          </params>
          <reporter-output>
          </reporter-output>
        </test-method> <!-- openBrowser -->
        <test-method status="PASS" signature="Googlelaunch()[pri:0, instance:test.GoogleLaunch@5bcab519]" name="Googlelaunch" duration-ms="8999" started-at="2017-04-08T15:00:54Z" finished-at="2017-04-08T15:01:03Z">
          <reporter-output>
          </reporter-output>
        </test-method> <!-- Googlelaunch -->
        <test-method status="PASS" signature="closeBrowser()[pri:0, instance:test.GoogleLaunch@5bcab519]" name="closeBrowser" is-config="true" duration-ms="482" started-at="2017-04-08T15:01:03Z" finished-at="2017-04-08T15:01:04Z">
          <reporter-output>
          </reporter-output>
        </test-method> <!-- closeBrowser -->
      </class> <!-- test.GoogleLaunch -->
    </test> <!-- Test2 -->
    <test name="Test" duration-ms="86172" started-at="2017-04-08T09:30:43Z" finished-at="2017-04-08T09:32:09Z">
      <class name="test.LoginPageTest">
        <test-method status="PASS" signature="openBrowser(java.lang.String, java.lang.String)[pri:0, instance:test.LoginPageTest@464bee09]" name="openBrowser" is-config="true" duration-ms="5774" started-at="2017-04-08T15:00:43Z" finished-at="2017-04-08T15:00:49Z">
          <params>
            <param index="0">
              <value>
                <![CDATA[ff]]>
              </value>
            </param>
            <param index="1">
              <value>
                <![CDATA[no]]>
              </value>
            </param>
          </params>
          <reporter-output>
          </reporter-output>
        </test-method> <!-- openBrowser -->
        <test-method status="PASS" signature="openURL()[pri:0, instance:test.LoginPageTest@464bee09]" name="openURL" is-config="true" duration-ms="11993" started-at="2017-04-08T15:00:49Z" finished-at="2017-04-08T15:01:01Z">
          <reporter-output>
          </reporter-output>
        </test-method> <!-- openURL -->
        <test-method status="FAIL" signature="verifyUser(java.lang.String, java.lang.String)[pri:0, instance:test.LoginPageTest@464bee09]" name="verifyUser" duration-ms="66368" started-at="2017-04-08T15:01:01Z" description="1. Click on LoginLink&lt;br&gt; 2. Fill in Credentials&lt;br&gt; 3. Verify user" data-provider="getDataFromXls" finished-at="2017-04-08T15:02:07Z">
          <params>
            <param index="0">
              <value>
                <![CDATA[sunaina@test.com]]>
              </value>
            </param>
            <param index="1">
              <value>
                <![CDATA[12345678]]>
              </value>
            </param>
          </params>
          <exception class="org.openqa.selenium.TimeoutException">
            <message>
              <![CDATA[Timed out after 60 seconds waiting for visibility of all elements located by By.id: container-notification-frame-5882433d70d710263cc79b04
Build info: version: '2.53.1', revision: 'a36b8b1cd5757287168e54b817830adce9b0158d', time: '2016-06-30 19:26:09'
System info: host: 'deldsood175052', ip: '192.168.1.8', os.name: 'Windows 7', os.arch: 'amd64', os.version: '6.1', java.version: '1.8.0_102'
Driver info: org.openqa.selenium.firefox.FirefoxDriver
Capabilities [{applicationCacheEnabled=true, rotatable=false, handlesAlerts=true, databaseEnabled=true, version=47.0.2, platform=WINDOWS, nativeEvents=false, acceptSslCerts=true, webStorageEnabled=true, locationContextEnabled=true, browserName=firefox, takesScreenshot=true, javascriptEnabled=true, cssSelectorsEnabled=true}]
Session ID: 1172e962-c034-4212-923b-c2fc4e483ba0]]>
            </message>
            <full-stacktrace>
              <![CDATA[org.openqa.selenium.TimeoutException: Timed out after 60 seconds waiting for visibility of all elements located by By.id: container-notification-frame-5882433d70d710263cc79b04
Build info: version: '2.53.1', revision: 'a36b8b1cd5757287168e54b817830adce9b0158d', time: '2016-06-30 19:26:09'
System info: host: 'deldsood175052', ip: '192.168.1.8', os.name: 'Windows 7', os.arch: 'amd64', os.version: '6.1', java.version: '1.8.0_102'
Driver info: org.openqa.selenium.firefox.FirefoxDriver
Capabilities [{applicationCacheEnabled=true, rotatable=false, handlesAlerts=true, databaseEnabled=true, version=47.0.2, platform=WINDOWS, nativeEvents=false, acceptSslCerts=true, webStorageEnabled=true, locationContextEnabled=true, browserName=firefox, takesScreenshot=true, javascriptEnabled=true, cssSelectorsEnabled=true}]
Session ID: 1172e962-c034-4212-923b-c2fc4e483ba0
	at org.openqa.selenium.support.ui.WebDriverWait.timeoutException(WebDriverWait.java:80)
	at org.openqa.selenium.support.ui.FluentWait.until(FluentWait.java:261)
	at core.ActionDriver.waitForElement(ActionDriver.java:23)
	at core.ActionDriver.switchToFrame(ActionDriver.java:58)
	at pages.HomePage.handleFrame(HomePage.java:20)
	at test.LoginPageTest.verifyUser(LoginPageTest.java:47)
	at sun.reflect.NativeMethodAccessorImpl.invoke0(Native Method)
	at sun.reflect.NativeMethodAccessorImpl.invoke(NativeMethodAccessorImpl.java:62)
	at sun.reflect.DelegatingMethodAccessorImpl.invoke(DelegatingMethodAccessorImpl.java:43)
	at java.lang.reflect.Method.invoke(Method.java:498)
	at org.testng.internal.MethodInvocationHelper.invokeMethod(MethodInvocationHelper.java:86)
	at org.testng.internal.Invoker.invokeMethod(Invoker.java:643)
	at org.testng.internal.Invoker.invokeTestMethod(Invoker.java:820)
	at org.testng.internal.Invoker.invokeTestMethods(Invoker.java:1128)
	at org.testng.internal.TestMethodWorker.invokeTestMethods(TestMethodWorker.java:129)
	at org.testng.internal.TestMethodWorker.run(TestMethodWorker.java:112)
	at org.testng.TestRunner.privateRun(TestRunner.java:782)
	at org.testng.TestRunner.run(TestRunner.java:632)
	at org.testng.SuiteRunner.runTest(SuiteRunner.java:366)
	at org.testng.SuiteRunner.access$000(SuiteRunner.java:39)
	at org.testng.SuiteRunner$SuiteWorker.run(SuiteRunner.java:400)
	at org.testng.internal.thread.ThreadUtil$2.call(ThreadUtil.java:64)
	at java.util.concurrent.FutureTask.run(FutureTask.java:266)
	at java.util.concurrent.ThreadPoolExecutor.runWorker(ThreadPoolExecutor.java:1142)
	at java.util.concurrent.ThreadPoolExecutor$Worker.run(ThreadPoolExecutor.java:617)
	at java.lang.Thread.run(Thread.java:745)
]]>
            </full-stacktrace>
          </exception> <!-- org.openqa.selenium.TimeoutException -->
          <reporter-output>
            <line>
              <![CDATA[<h4>Repro Steps</h4><br>]]>
            </line>
            <line>
              <![CDATA[1. Click on LoginLink<br> 2. Fill in Credentials<br> 3. Verify user]]>
            </line>
            <line>
              <![CDATA[<br><a href=C:\Users\dsood1\Framework19Feb1100\Meritnation\test-output\screenshot\verifyUser08_Apr_17_03_02_07PM.png>Screenshot</a>]]>
            </line>
          </reporter-output>
        </test-method> <!-- verifyUser -->
        <test-method status="PASS" signature="closeBrowser()[pri:0, instance:test.LoginPageTest@464bee09]" name="closeBrowser" is-config="true" duration-ms="470" started-at="2017-04-08T15:02:09Z" finished-at="2017-04-08T15:02:09Z">
          <reporter-output>
          </reporter-output>
        </test-method> <!-- closeBrowser -->
      </class> <!-- test.LoginPageTest -->
    </test> <!-- Test -->
  </suite> <!-- Suite -->
</testng-results>
