<?xml version="1.0" encoding="UTF-8"?>
<testng-results skipped="0" failed="0" total="4" passed="4">
  <reporter-output>
  </reporter-output>
  <suite name="Default suite" duration-ms="120" started-at="2017-03-04T09:38:19Z" finished-at="2017-03-04T09:38:19Z">
    <groups>
    </groups>
    <test name="Default test" duration-ms="120" started-at="2017-03-04T09:38:19Z" finished-at="2017-03-04T09:38:19Z">
      <class name="dataprovider.DataProviderDemoXls">
        <test-method status="PASS" signature="getNames(java.lang.String)[pri:0, instance:dataprovider.DataProviderDemoXls@4439f31e]" name="getNames" duration-ms="10" started-at="2017-03-04T15:08:19Z" data-provider="getNames" finished-at="2017-03-04T15:08:19Z">
          <params>
            <param index="0">
              <value>
                <![CDATA[sunaina@test.com]]>
              </value>
            </param>
          </params>
          <reporter-output>
          </reporter-output>
        </test-method> <!-- getNames -->
        <test-method status="PASS" signature="getNames(java.lang.String)[pri:0, instance:dataprovider.DataProviderDemoXls@4439f31e]" name="getNames" duration-ms="0" started-at="2017-03-04T15:08:19Z" data-provider="getNames" finished-at="2017-03-04T15:08:19Z">
          <params>
            <param index="0">
              <value>
                <![CDATA[pqr@test.com]]>
              </value>
            </param>
          </params>
          <reporter-output>
          </reporter-output>
        </test-method> <!-- getNames -->
        <test-method status="PASS" signature="getNames(java.lang.String)[pri:0, instance:dataprovider.DataProviderDemoXls@4439f31e]" name="getNames" duration-ms="0" started-at="2017-03-04T15:08:19Z" data-provider="getNames" finished-at="2017-03-04T15:08:19Z">
          <params>
            <param index="0">
              <value>
                <![CDATA[]]>
              </value>
            </param>
          </params>
          <reporter-output>
          </reporter-output>
        </test-method> <!-- getNames -->
        <test-method status="PASS" signature="getNames(java.lang.String)[pri:0, instance:dataprovider.DataProviderDemoXls@4439f31e]" name="getNames" duration-ms="0" started-at="2017-03-04T15:08:19Z" data-provider="getNames" finished-at="2017-03-04T15:08:19Z">
          <params>
            <param index="0">
              <value>
                <![CDATA[xyz@test.com]]>
              </value>
            </param>
          </params>
          <reporter-output>
          </reporter-output>
        </test-method> <!-- getNames -->
      </class> <!-- dataprovider.DataProviderDemoXls -->
    </test> <!-- Default test -->
  </suite> <!-- Default suite -->
</testng-results>
